Arguments: 
  /usr/local/Cellar/node/8.5.0/bin/node /usr/local/Cellar/yarn/1.1.0/libexec/bin/yarn.js add --dev chokidar-cli

PATH: 
  /usr/local/bin:/usr/bin:/bin:/usr/sbin:/sbin:/Library/Frameworks/Mono.framework/Versions/Current/Commands

Yarn version: 
  1.1.0

Node version: 
  8.5.0

Platform: 
  darwin x64

npm manifest: 
  {
    "name": "caret-xy",
    "version": "0.1.0",
    "description": "Get input/textarea caret coordinates",
    "main": "dist/caret-xy.js",
    "scripts": {
      "build": "tsc caret-xy.ts --outDir ./dist --sourceMap --target ES5 --lib ES2015,DOM --declaration",
      "watch": "chokidar '*.ts' -c 'yarn build'"
    },
    "author": "Tan Nhu",
    "devDependencies": {
      "typescript": "^2.6.1"
    }
  }

yarn manifest: 
  No manifest

Lockfile: 
  # THIS IS AN AUTOGENERATED FILE. DO NOT EDIT THIS FILE DIRECTLY.
  # yarn lockfile v1
  
  
  rollup@^0.51.6:
    version "0.51.6"
    resolved "https://registry.yarnpkg.com/rollup/-/rollup-0.51.6.tgz#ed98e777ce7bd74cf2d0be249b2d9a2d19399c0f"
  
  typescript@^2.6.1:
    version "2.6.1"
    resolved "https://registry.yarnpkg.com/typescript/-/typescript-2.6.1.tgz#ef39cdea27abac0b500242d6726ab90e0c846631"

Trace: 
  Error: https://registry.yarnpkg.com/chokidar-cli: ETIMEDOUT
      at Timeout._onTimeout (/usr/local/Cellar/yarn/1.1.0/libexec/lib/cli.js:122581:19)
      at ontimeout (timers.js:469:11)
      at tryOnTimeout (timers.js:304:5)
      at Timer.listOnTimeout (timers.js:264:5)
